# JRE version: OpenJDK Runtime Environment (10.0.1+10) (build 10.0.1+10-Ubuntu-3ubuntu1)
# Java VM: OpenJDK 64-Bit Server VM (10.0.1+10-Ubuntu-3ubuntu1, mixed mode, tiered, compressed oops, g1 gc, linux-amd64)
Heap:
 garbage-first heap   total 124928K, used 25451K [0x00000000e2800000, 0x0000000100000000)
  region size 1024K, 1 young (1024K), 1 survivors (1024K)
 Metaspace       used 36112K, capacity 36876K, committed 37328K, reserved 1081344K
  class space    used 5637K, capacity 6052K, committed 6144K, reserved 1048576K
GC Heap History (10 events):
Event: 58,517 GC heap after
{Heap after GC invocations=19 (full 0):
 garbage-first heap   total 62464K, used 25378K [0x00000000e2800000, 0x0000000100000000)
  region size 1024K, 2 young (2048K), 2 survivors (2048K)
 Metaspace       used 36108K, capacity 36876K, committed 37328K, reserved 1081344K
  class space    used 5637K, capacity 6052K, committed 6144K, reserved 1048576K
}
Event: 59,705 GC heap before
{Heap before GC invocations=19 (full 0):
 garbage-first heap   total 62464K, used 26402K [0x00000000e2800000, 0x0000000100000000)
  region size 1024K, 3 young (3072K), 2 survivors (2048K)
 Metaspace       used 36108K, capacity 36876K, committed 37328K, reserved 1081344K
  class space    used 5637K, capacity 6052K, committed 6144K, reserved 1048576K
}
Event: 59,735 GC heap after
{Heap after GC invocations=20 (full 0):
 garbage-first heap   total 62464K, used 25765K [0x00000000e2800000, 0x0000000100000000)
  region size 1024K, 1 young (1024K), 1 survivors (1024K)
 Metaspace       used 36108K, capacity 36876K, committed 37328K, reserved 1081344K
  class space    used 5637K, capacity 6052K, committed 6144K, reserved 1048576K
}
Event: 59,986 GC heap before
{Heap before GC invocations=20 (full 0):
 garbage-first heap   total 62464K, used 27813K [0x00000000e2800000, 0x0000000100000000)
  region size 1024K, 3 young (3072K), 1 survivors (1024K)
 Metaspace       used 36112K, capacity 36876K, committed 37328K, reserved 1081344K
  class space    used 5637K, capacity 6052K, committed 6144K, reserved 1048576K
}
Event: 60,129 GC heap after
{Heap after GC invocations=21 (full 0):
 garbage-first heap   total 62464K, used 25508K [0x00000000e2800000, 0x0000000100000000)
  region size 1024K, 1 young (1024K), 1 survivors (1024K)
 Metaspace       used 36112K, capacity 36876K, committed 37328K, reserved 1081344K
  class space    used 5637K, capacity 6052K, committed 6144K, reserved 1048576K
}
Event: 60,623 GC heap before
{Heap before GC invocations=21 (full 0):
 garbage-first heap   total 62464K, used 27556K [0x00000000e2800000, 0x0000000100000000)
  region size 1024K, 3 young (3072K), 1 survivors (1024K)
 Metaspace       used 36112K, capacity 36876K, committed 37328K, reserved 1081344K
  class space    used 5637K, capacity 6052K, committed 6144K, reserved 1048576K
}
Event: 60,959 GC heap after
{Heap after GC invocations=22 (full 0):
 garbage-first heap   total 62464K, used 25456K [0x00000000e2800000, 0x0000000100000000)
  region size 1024K, 1 young (1024K), 1 survivors (1024K)
 Metaspace       used 36112K, capacity 36876K, committed 37328K, reserved 1081344K
  class space    used 5637K, capacity 6052K, committed 6144K, reserved 1048576K
}
Event: 61,815 GC heap before
{Heap before GC invocations=22 (full 0):
 garbage-first heap   total 62464K, used 28528K [0x00000000e2800000, 0x0000000100000000)
  region size 1024K, 4 young (4096K), 1 survivors (1024K)
 Metaspace       used 36112K, capacity 36876K, committed 37328K, reserved 1081344K
  class space    used 5637K, capacity 6052K, committed 6144K, reserved 1048576K
}
Event: 62,769 GC heap after
{Heap after GC invocations=23 (full 0):
 garbage-first heap   total 62464K, used 25449K [0x00000000e2800000, 0x0000000100000000)
  region size 1024K, 1 young (1024K), 1 survivors (1024K)
 Metaspace       used 36112K, capacity 36876K, committed 37328K, reserved 1081344K
  class space    used 5637K, capacity 6052K, committed 6144K, reserved 1048576K
}
Event: 63,371 GC heap before
{Heap before GC invocations=23 (full 0):
 garbage-first heap   total 62464K, used 27497K [0x00000000e2800000, 0x0000000100000000)
  region size 1024K, 3 young (3072K), 1 survivors (1024K)
 Metaspace       used 36112K, capacity 36876K, committed 37328K, reserved 1081344K
  class space    used 5637K, capacity 6052K, committed 6144K, reserved 1048576K
}

