# JRE version: OpenJDK Runtime Environment (11.0.7+10) (build 11.0.7+10-post-Ubuntu-2ubuntu218.04)
# Java VM: OpenJDK 64-Bit Server VM (11.0.7+10-post-Ubuntu-2ubuntu218.04, mixed mode, sharing, tiered, compressed oops, g1 gc, linux-amd64)
Heap:
 garbage-first heap   total 158720K, used 114296K [0x0000000084800000, 0x0000000100000000)
  region size 1024K, 19 young (19456K), 1 survivors (1024K)
 Metaspace       used 44528K, capacity 45168K, committed 46384K, reserved 1087488K
  class space    used 7350K, capacity 7663K, committed 8064K, reserved 1048576K
GC Heap History (20 events):
Event: 28961,724 GC heap before
{Heap before GC invocations=42 (full 1):
 garbage-first heap   total 158720K, used 127214K [0x0000000084800000, 0x0000000100000000)
  region size 1024K, 30 young (30720K), 1 survivors (1024K)
 Metaspace       used 44243K, capacity 44869K, committed 46128K, reserved 1087488K
  class space    used 7324K, capacity 7649K, committed 8064K, reserved 1048576K
}
Event: 28961,728 GC heap after
{Heap after GC invocations=43 (full 1):
 garbage-first heap   total 158720K, used 97720K [0x0000000084800000, 0x0000000100000000)
  region size 1024K, 2 young (2048K), 2 survivors (2048K)
 Metaspace       used 44243K, capacity 44869K, committed 46128K, reserved 1087488K
  class space    used 7324K, capacity 7649K, committed 8064K, reserved 1048576K
}
Event: 29671,266 GC heap before
{Heap before GC invocations=43 (full 1):
 garbage-first heap   total 158720K, used 126392K [0x0000000084800000, 0x0000000100000000)
  region size 1024K, 31 young (31744K), 2 survivors (2048K)
 Metaspace       used 44253K, capacity 44869K, committed 46128K, reserved 1087488K
  class space    used 7324K, capacity 7649K, committed 8064K, reserved 1048576K
}
Event: 29671,271 GC heap after
{Heap after GC invocations=44 (full 1):
 garbage-first heap   total 158720K, used 97885K [0x0000000084800000, 0x0000000100000000)
  region size 1024K, 2 young (2048K), 2 survivors (2048K)
 Metaspace       used 44253K, capacity 44869K, committed 46128K, reserved 1087488K
  class space    used 7324K, capacity 7649K, committed 8064K, reserved 1048576K
}
Event: 29684,523 GC heap before
{Heap before GC invocations=45 (full 1):
 garbage-first heap   total 158720K, used 127581K [0x0000000084800000, 0x0000000100000000)
  region size 1024K, 32 young (32768K), 2 survivors (2048K)
 Metaspace       used 44264K, capacity 44863K, committed 46128K, reserved 1087488K
  class space    used 7323K, capacity 7648K, committed 8064K, reserved 1048576K
}
Event: 29684,527 GC heap after
{Heap after GC invocations=46 (full 1):
 garbage-first heap   total 158720K, used 98199K [0x0000000084800000, 0x0000000100000000)
  region size 1024K, 2 young (2048K), 2 survivors (2048K)
 Metaspace       used 44264K, capacity 44863K, committed 46128K, reserved 1087488K
  class space    used 7323K, capacity 7648K, committed 8064K, reserved 1048576K
}
Event: 29757,573 GC heap before
{Heap before GC invocations=46 (full 1):
 garbage-first heap   total 158720K, used 127895K [0x0000000084800000, 0x0000000100000000)
  region size 1024K, 32 young (32768K), 2 survivors (2048K)
 Metaspace       used 44311K, capacity 44927K, committed 46128K, reserved 1087488K
  class space    used 7323K, capacity 7648K, committed 8064K, reserved 1048576K
}
Event: 29757,577 GC heap after
{Heap after GC invocations=47 (full 1):
 garbage-first heap   total 158720K, used 98456K [0x0000000084800000, 0x0000000100000000)
  region size 1024K, 2 young (2048K), 2 survivors (2048K)
 Metaspace       used 44311K, capacity 44927K, committed 46128K, reserved 1087488K
  class space    used 7323K, capacity 7648K, committed 8064K, reserved 1048576K
}
Event: 29781,092 GC heap before
{Heap before GC invocations=48 (full 1):
 garbage-first heap   total 158720K, used 129176K [0x0000000084800000, 0x0000000100000000)
  region size 1024K, 33 young (33792K), 2 survivors (2048K)
 Metaspace       used 44311K, capacity 44927K, committed 46128K, reserved 1087488K
  class space    used 7323K, capacity 7648K, committed 8064K, reserved 1048576K
}
Event: 29781,095 GC heap after
{Heap after GC invocations=49 (full 1):
 garbage-first heap   total 158720K, used 98618K [0x0000000084800000, 0x0000000100000000)
  region size 1024K, 2 young (2048K), 2 survivors (2048K)
 Metaspace       used 44311K, capacity 44927K, committed 46128K, reserved 1087488K
  class space    used 7323K, capacity 7648K, committed 8064K, reserved 1048576K
}
Event: 30705,246 GC heap before
{Heap before GC invocations=49 (full 1):
 garbage-first heap   total 158720K, used 129338K [0x0000000084800000, 0x0000000100000000)
  region size 1024K, 33 young (33792K), 2 survivors (2048K)
 Metaspace       used 44325K, capacity 44927K, committed 46128K, reserved 1087488K
  class space    used 7323K, capacity 7648K, committed 8064K, reserved 1048576K
}
Event: 30705,249 GC heap after
{Heap after GC invocations=50 (full 1):
 garbage-first heap   total 158720K, used 98624K [0x0000000084800000, 0x0000000100000000)
  region size 1024K, 2 young (2048K), 2 survivors (2048K)
 Metaspace       used 44325K, capacity 44927K, committed 46128K, reserved 1087488K
  class space    used 7323K, capacity 7648K, committed 8064K, reserved 1048576K
}
Event: 34851,474 GC heap before
{Heap before GC invocations=51 (full 1):
 garbage-first heap   total 158720K, used 129344K [0x0000000084800000, 0x0000000100000000)
  region size 1024K, 33 young (33792K), 2 survivors (2048K)
 Metaspace       used 44488K, capacity 45161K, committed 46384K, reserved 1087488K
  class space    used 7349K, capacity 7662K, committed 8064K, reserved 1048576K
}
Event: 34851,483 GC heap after
{Heap after GC invocations=52 (full 1):
 garbage-first heap   total 158720K, used 98371K [0x0000000084800000, 0x0000000100000000)
  region size 1024K, 2 young (2048K), 2 survivors (2048K)
 Metaspace       used 44488K, capacity 45161K, committed 46384K, reserved 1087488K
  class space    used 7349K, capacity 7662K, committed 8064K, reserved 1048576K
}
Event: 35103,213 GC heap before
{Heap before GC invocations=52 (full 1):
 garbage-first heap   total 158720K, used 129091K [0x0000000084800000, 0x0000000100000000)
  region size 1024K, 33 young (33792K), 2 survivors (2048K)
 Metaspace       used 44503K, capacity 45167K, committed 46384K, reserved 1087488K
  class space    used 7350K, capacity 7663K, committed 8064K, reserved 1048576K
}
Event: 35103,219 GC heap after
{Heap after GC invocations=53 (full 1):
 garbage-first heap   total 158720K, used 98578K [0x0000000084800000, 0x0000000100000000)
  region size 1024K, 2 young (2048K), 2 survivors (2048K)
 Metaspace       used 44503K, capacity 45167K, committed 46384K, reserved 1087488K
  class space    used 7350K, capacity 7663K, committed 8064K, reserved 1048576K
}
Event: 35764,892 GC heap before
{Heap before GC invocations=54 (full 1):
 garbage-first heap   total 158720K, used 129298K [0x0000000084800000, 0x0000000100000000)
  region size 1024K, 33 young (33792K), 2 survivors (2048K)
 Metaspace       used 44518K, capacity 45168K, committed 46384K, reserved 1087488K
  class space    used 7350K, capacity 7663K, committed 8064K, reserved 1048576K
}
Event: 35764,896 GC heap after
{Heap after GC invocations=55 (full 1):
 garbage-first heap   total 158720K, used 98529K [0x0000000084800000, 0x0000000100000000)
  region size 1024K, 2 young (2048K), 2 survivors (2048K)
 Metaspace       used 44518K, capacity 45168K, committed 46384K, reserved 1087488K
  class space    used 7350K, capacity 7663K, committed 8064K, reserved 1048576K
}
Event: 35824,617 GC heap before
{Heap before GC invocations=55 (full 1):
 garbage-first heap   total 158720K, used 102625K [0x0000000084800000, 0x0000000100000000)
  region size 1024K, 7 young (7168K), 2 survivors (2048K)
 Metaspace       used 44518K, capacity 45168K, committed 46384K, reserved 1087488K
  class space    used 7350K, capacity 7663K, committed 8064K, reserved 1048576K
}
Event: 35824,624 GC heap after
{Heap after GC invocations=56 (full 1):
 garbage-first heap   total 158720K, used 97912K [0x0000000084800000, 0x0000000100000000)
  region size 1024K, 1 young (1024K), 1 survivors (1024K)
 Metaspace       used 44518K, capacity 45168K, committed 46384K, reserved 1087488K
  class space    used 7350K, capacity 7663K, committed 8064K, reserved 1048576K
}

