# JRE version: OpenJDK Runtime Environment (8.0_222-b10) (build 1.8.0_222-8u222-b10-1ubuntu1~18.04.1-b10)
# Java VM: OpenJDK 64-Bit Server VM (25.222-b10 mixed mode linux-amd64 compressed oops)
Heap:
 PSYoungGen      total 101376K, used 64K [0x00000000f6300000, 0x00000000fcd80000, 0x0000000100000000)
  eden space 93696K, 0% used [0x00000000f6300000,0x00000000f6300000,0x00000000fbe80000)
  from space 7680K, 0% used [0x00000000fbe80000,0x00000000fbe90000,0x00000000fc600000)
  to   space 6144K, 0% used [0x00000000fc780000,0x00000000fc780000,0x00000000fcd80000)
 ParOldGen       total 31744K, used 20341K [0x00000000e2800000, 0x00000000e4700000, 0x00000000f6300000)
  object space 31744K, 64% used [0x00000000e2800000,0x00000000e3bdd578,0x00000000e4700000)
 Metaspace       used 29547K, capacity 29886K, committed 30336K, reserved 1075200K
  class space    used 4809K, capacity 4949K, committed 4992K, reserved 1048576K
GC Heap History (10 events):
Event: 6,257 GC heap after
Heap after GC invocations=7 (full 0):
 PSYoungGen      total 36352K, used 3563K [0x00000000f6300000, 0x00000000fb000000, 0x0000000100000000)
  eden space 32768K, 0% used [0x00000000f6300000,0x00000000f6300000,0x00000000f8300000)
  from space 3584K, 99% used [0x00000000f8300000,0x00000000f867ae30,0x00000000f8680000)
  to   space 6656K, 0% used [0x00000000fa980000,0x00000000fa980000,0x00000000fb000000)
 ParOldGen       total 20480K, used 11860K [0x00000000e2800000, 0x00000000e3c00000, 0x00000000f6300000)
  object space 20480K, 57% used [0x00000000e2800000,0x00000000e3395178,0x00000000e3c00000)
 Metaspace       used 15304K, capacity 15474K, committed 15744K, reserved 1062912K
  class space    used 2841K, capacity 2916K, committed 2944K, reserved 1048576K
}
Event: 7,151 GC heap before
{Heap before GC invocations=8 (full 0):
 PSYoungGen      total 36352K, used 12204K [0x00000000f6300000, 0x00000000fb000000, 0x0000000100000000)
  eden space 32768K, 26% used [0x00000000f6300000,0x00000000f6b70408,0x00000000f8300000)
  from space 3584K, 99% used [0x00000000f8300000,0x00000000f867ae30,0x00000000f8680000)
  to   space 6656K, 0% used [0x00000000fa980000,0x00000000fa980000,0x00000000fb000000)
 ParOldGen       total 20480K, used 11860K [0x00000000e2800000, 0x00000000e3c00000, 0x00000000f6300000)
  object space 20480K, 57% used [0x00000000e2800000,0x00000000e3395178,0x00000000e3c00000)
 Metaspace       used 20836K, capacity 21106K, committed 21248K, reserved 1067008K
  class space    used 3696K, capacity 3784K, committed 3840K, reserved 1048576K
Event: 7,167 GC heap after
Heap after GC invocations=8 (full 0):
 PSYoungGen      total 71680K, used 5423K [0x00000000f6300000, 0x00000000fb100000, 0x0000000100000000)
  eden space 65024K, 0% used [0x00000000f6300000,0x00000000f6300000,0x00000000fa280000)
  from space 6656K, 81% used [0x00000000fa980000,0x00000000faecbcf8,0x00000000fb000000)
  to   space 7168K, 0% used [0x00000000fa280000,0x00000000fa280000,0x00000000fa980000)
 ParOldGen       total 20480K, used 12094K [0x00000000e2800000, 0x00000000e3c00000, 0x00000000f6300000)
  object space 20480K, 59% used [0x00000000e2800000,0x00000000e33cf958,0x00000000e3c00000)
 Metaspace       used 20836K, capacity 21106K, committed 21248K, reserved 1067008K
  class space    used 3696K, capacity 3784K, committed 3840K, reserved 1048576K
}
Event: 7,167 GC heap before
{Heap before GC invocations=9 (full 1):
 PSYoungGen      total 71680K, used 5423K [0x00000000f6300000, 0x00000000fb100000, 0x0000000100000000)
  eden space 65024K, 0% used [0x00000000f6300000,0x00000000f6300000,0x00000000fa280000)
  from space 6656K, 81% used [0x00000000fa980000,0x00000000faecbcf8,0x00000000fb000000)
  to   space 7168K, 0% used [0x00000000fa280000,0x00000000fa280000,0x00000000fa980000)
 ParOldGen       total 20480K, used 12094K [0x00000000e2800000, 0x00000000e3c00000, 0x00000000f6300000)
  object space 20480K, 59% used [0x00000000e2800000,0x00000000e33cf958,0x00000000e3c00000)
 Metaspace       used 20836K, capacity 21106K, committed 21248K, reserved 1067008K
  class space    used 3696K, capacity 3784K, committed 3840K, reserved 1048576K
Event: 7,311 GC heap after
Heap after GC invocations=9 (full 1):
 PSYoungGen      total 71680K, used 0K [0x00000000f6300000, 0x00000000fb100000, 0x0000000100000000)
  eden space 65024K, 0% used [0x00000000f6300000,0x00000000f6300000,0x00000000fa280000)
  from space 6656K, 0% used [0x00000000fa980000,0x00000000fa980000,0x00000000fb000000)
  to   space 7168K, 0% used [0x00000000fa280000,0x00000000fa280000,0x00000000fa980000)
 ParOldGen       total 31744K, used 15354K [0x00000000e2800000, 0x00000000e4700000, 0x00000000f6300000)
  object space 31744K, 48% used [0x00000000e2800000,0x00000000e36fe880,0x00000000e4700000)
 Metaspace       used 20836K, capacity 21106K, committed 21248K, reserved 1067008K
  class space    used 3696K, capacity 3784K, committed 3840K, reserved 1048576K
}
Event: 21,051 GC heap before
{Heap before GC invocations=10 (full 1):
 PSYoungGen      total 71680K, used 65024K [0x00000000f6300000, 0x00000000fb100000, 0x0000000100000000)
  eden space 65024K, 100% used [0x00000000f6300000,0x00000000fa280000,0x00000000fa280000)
  from space 6656K, 0% used [0x00000000fa980000,0x00000000fa980000,0x00000000fb000000)
  to   space 7168K, 0% used [0x00000000fa280000,0x00000000fa280000,0x00000000fa980000)
 ParOldGen       total 31744K, used 15354K [0x00000000e2800000, 0x00000000e4700000, 0x00000000f6300000)
  object space 31744K, 48% used [0x00000000e2800000,0x00000000e36fe880,0x00000000e4700000)
 Metaspace       used 29255K, capacity 29566K, committed 29824K, reserved 1075200K
  class space    used 4807K, capacity 4949K, committed 4992K, reserved 1048576K
Event: 24,163 GC heap after
Heap after GC invocations=10 (full 1):
 PSYoungGen      total 72192K, used 5919K [0x00000000f6300000, 0x00000000fcf00000, 0x0000000100000000)
  eden space 65024K, 0% used [0x00000000f6300000,0x00000000f6300000,0x00000000fa280000)
  from space 7168K, 82% used [0x00000000fa280000,0x00000000fa847ed8,0x00000000fa980000)
  to   space 7680K, 0% used [0x00000000fc780000,0x00000000fc780000,0x00000000fcf00000)
 ParOldGen       total 31744K, used 15426K [0x00000000e2800000, 0x00000000e4700000, 0x00000000f6300000)
  object space 31744K, 48% used [0x00000000e2800000,0x00000000e3710890,0x00000000e4700000)
 Metaspace       used 29255K, capacity 29566K, committed 29824K, reserved 1075200K
  class space    used 4807K, capacity 4949K, committed 4992K, reserved 1048576K
}
Event: 29,523 GC heap before
{Heap before GC invocations=11 (full 1):
 PSYoungGen      total 72192K, used 70943K [0x00000000f6300000, 0x00000000fcf00000, 0x0000000100000000)
  eden space 65024K, 100% used [0x00000000f6300000,0x00000000fa280000,0x00000000fa280000)
  from space 7168K, 82% used [0x00000000fa280000,0x00000000fa847ed8,0x00000000fa980000)
  to   space 7680K, 0% used [0x00000000fc780000,0x00000000fc780000,0x00000000fcf00000)
 ParOldGen       total 31744K, used 15426K [0x00000000e2800000, 0x00000000e4700000, 0x00000000f6300000)
  object space 31744K, 48% used [0x00000000e2800000,0x00000000e3710890,0x00000000e4700000)
 Metaspace       used 29367K, capacity 29694K, committed 30080K, reserved 1075200K
  class space    used 4807K, capacity 4949K, committed 4992K, reserved 1048576K
Event: 29,609 GC heap after
Heap after GC invocations=11 (full 1):
 PSYoungGen      total 99840K, used 4968K [0x00000000f6300000, 0x00000000fcd80000, 0x0000000100000000)
  eden space 93696K, 0% used [0x00000000f6300000,0x00000000f6300000,0x00000000fbe80000)
  from space 6144K, 80% used [0x00000000fc780000,0x00000000fcc5a0a0,0x00000000fcd80000)
  to   space 7680K, 0% used [0x00000000fbe80000,0x00000000fbe80000,0x00000000fc600000)
 ParOldGen       total 31744K, used 15434K [0x00000000e2800000, 0x00000000e4700000, 0x00000000f6300000)
  object space 31744K, 48% used [0x00000000e2800000,0x00000000e3712890,0x00000000e4700000)
 Metaspace       used 29367K, capacity 29694K, committed 30080K, reserved 1075200K
  class space    used 4807K, capacity 4949K, committed 4992K, reserved 1048576K
}
Event: 63,102 GC heap before
{Heap before GC invocations=12 (full 1):
 PSYoungGen      total 99840K, used 98664K [0x00000000f6300000, 0x00000000fcd80000, 0x0000000100000000)
  eden space 93696K, 100% used [0x00000000f6300000,0x00000000fbe80000,0x00000000fbe80000)
  from space 6144K, 80% used [0x00000000fc780000,0x00000000fcc5a0a0,0x00000000fcd80000)
  to   space 7680K, 0% used [0x00000000fbe80000,0x00000000fbe80000,0x00000000fc600000)
 ParOldGen       total 31744K, used 15434K [0x00000000e2800000, 0x00000000e4700000, 0x00000000f6300000)
  object space 31744K, 48% used [0x00000000e2800000,0x00000000e3712890,0x00000000e4700000)
 Metaspace       used 29547K, capacity 29886K, committed 30336K, reserved 1075200K
  class space    used 4809K, capacity 4949K, committed 4992K, reserved 1048576K

